{"level":"info","message":"Hello from Acquisitions!","service":"acquisitions-api"}
{"level":"info","service":"acquisitions-api"}
{"level":"info","service":"acquisitions-api"}
{"level":"info","message":"Hello from Acquisitions!","service":"acquisitions-api"}
{"level":"info","message":"::1 - - [11/Nov/2025:20:56:16 +0000] \"GET / HTTP/1.1\" 304 - \"-\" \"Mozilla/5.0 (Windows NT 10.0; Win64; x64) AppleWebKit/537.36 (KHTML, like Gecko) Chrome/142.0.0.0 Safari/537.36\"","service":"acquisitions-api"}
{"level":"info","message":"Hello from Acquisitions!","service":"acquisitions-api"}
{"level":"info","message":"::1 - - [27/Nov/2025:00:45:59 +0000] \"GET / HTTP/1.1\" 200 24 \"-\" \"Mozilla/5.0 (Windows NT 10.0; Win64; x64) AppleWebKit/537.36 (KHTML, like Gecko) Chrome/142.0.0.0 Safari/537.36\"","service":"acquisitions-api"}
{"level":"info","message":"::1 - - [27/Nov/2025:00:45:59 +0000] \"GET /favicon.ico HTTP/1.1\" 404 150 \"-\" \"Mozilla/5.0 (Windows NT 10.0; Win64; x64) AppleWebKit/537.36 (KHTML, like Gecko) Chrome/142.0.0.0 Safari/537.36\"","service":"acquisitions-api"}
{"level":"info","message":"::1 - - [27/Nov/2025:00:49:00 +0000] \"GET /healt HTTP/1.1\" 404 144 \"-\" \"Mozilla/5.0 (Windows NT 10.0; Win64; x64) AppleWebKit/537.36 (KHTML, like Gecko) Chrome/142.0.0.0 Safari/537.36\"","service":"acquisitions-api"}
{"level":"info","message":"::1 - - [27/Nov/2025:00:49:06 +0000] \"GET /health HTTP/1.1\" 200 77 \"-\" \"Mozilla/5.0 (Windows NT 10.0; Win64; x64) AppleWebKit/537.36 (KHTML, like Gecko) Chrome/142.0.0.0 Safari/537.36\"","service":"acquisitions-api"}
{"level":"info","message":"Hello from Acquisitions!","service":"acquisitions-api"}
{"level":"info","message":"::1 - - [27/Nov/2025:00:49:50 +0000] \"GET / HTTP/1.1\" 304 - \"-\" \"Mozilla/5.0 (Windows NT 10.0; Win64; x64) AppleWebKit/537.36 (KHTML, like Gecko) Chrome/142.0.0.0 Safari/537.36\"","service":"acquisitions-api"}
{"level":"info","message":"::1 - - [27/Nov/2025:00:50:56 +0000] \"GET /api HTTP/1.1\" 200 42 \"-\" \"Mozilla/5.0 (Windows NT 10.0; Win64; x64) AppleWebKit/537.36 (KHTML, like Gecko) Chrome/142.0.0.0 Safari/537.36\"","service":"acquisitions-api"}
{"level":"info","message":"Hello from Acquisitions!","service":"acquisitions-api"}
{"level":"info","message":"::1 - - [27/Nov/2025:00:51:29 +0000] \"GET / HTTP/1.1\" 304 - \"-\" \"Mozilla/5.0 (Windows NT 10.0; Win64; x64) AppleWebKit/537.36 (KHTML, like Gecko) Chrome/142.0.0.0 Safari/537.36\"","service":"acquisitions-api"}
{"level":"info","message":"Hello from Acquisitions!","service":"acquisitions-api"}
{"level":"info","message":"::1 - - [27/Nov/2025:01:06:25 +0000] \"GET / HTTP/1.1\" 200 24 \"-\" \"HTTPie\"","service":"acquisitions-api"}
{"level":"info","message":"Hello from Acquisitions!","service":"acquisitions-api"}
{"level":"info","message":"::1 - - [27/Nov/2025:01:06:46 +0000] \"GET / HTTP/1.1\" 200 24 \"-\" \"HTTPie\"","service":"acquisitions-api"}
{"level":"info","message":"::1 - - [27/Nov/2025:01:07:13 +0000] \"GET /api HTTP/1.1\" 200 42 \"-\" \"HTTPie\"","service":"acquisitions-api"}
{"level":"info","message":"::1 - - [27/Nov/2025:01:07:40 +0000] \"GET /health HTTP/1.1\" 200 78 \"-\" \"HTTPie\"","service":"acquisitions-api"}
{"level":"info","message":"::1 - - [27/Nov/2025:01:08:31 +0000] \"POST /api/auth/sign-in HTTP/1.1\" 404 156 \"-\" \"HTTPie\"","service":"acquisitions-api"}
{"level":"info","message":"::1 - - [27/Nov/2025:01:09:13 +0000] \"POST /api/auth/sign-in HTTP/1.1\" 404 156 \"-\" \"HTTPie\"","service":"acquisitions-api"}
{"level":"info","message":"::1 - - [27/Nov/2025:01:12:14 +0000] \"POST /api/auth/sign-in HTTP/1.1\" 404 156 \"-\" \"HTTPie\"","service":"acquisitions-api"}
{"level":"info","message":"::1 - - [27/Nov/2025:01:12:14 +0000] \"POST /api/auth/sign-in HTTP/1.1\" 404 156 \"-\" \"HTTPie\"","service":"acquisitions-api"}
{"level":"info","message":"::1 - - [27/Nov/2025:01:12:15 +0000] \"POST /api/auth/sign-in HTTP/1.1\" 404 156 \"-\" \"HTTPie\"","service":"acquisitions-api"}
{"level":"info","message":"::1 - - [27/Nov/2025:01:12:16 +0000] \"POST /api/auth/sign-in HTTP/1.1\" 404 156 \"-\" \"HTTPie\"","service":"acquisitions-api"}
{"level":"info","message":"Hello from Acquisitions!","service":"acquisitions-api"}
{"level":"info","message":"::1 - - [27/Nov/2025:01:13:19 +0000] \"GET / HTTP/1.1\" 304 - \"-\" \"Mozilla/5.0 (Windows NT 10.0; Win64; x64) AppleWebKit/537.36 (KHTML, like Gecko) Chrome/142.0.0.0 Safari/537.36\"","service":"acquisitions-api"}
{"level":"info","message":"::1 - - [27/Nov/2025:01:13:46 +0000] \"POST /api/auth/sign-in HTTP/1.1\" 200 31 \"-\" \"HTTPie\"","service":"acquisitions-api"}
{"level":"info","message":"Hello from Acquisitions!","service":"acquisitions-api"}
{"level":"info","message":"::1 - - [28/Nov/2025:22:18:48 +0000] \"GET / HTTP/1.1\" 304 - \"-\" \"Mozilla/5.0 (Windows NT 10.0; Win64; x64) AppleWebKit/537.36 (KHTML, like Gecko) Chrome/142.0.0.0 Safari/537.36\"","service":"acquisitions-api"}
{"level":"info","message":"::1 - - [28/Nov/2025:22:18:49 +0000] \"GET /favicon.ico HTTP/1.1\" 404 150 \"-\" \"Mozilla/5.0 (Windows NT 10.0; Win64; x64) AppleWebKit/537.36 (KHTML, like Gecko) Chrome/142.0.0.0 Safari/537.36\"","service":"acquisitions-api"}
{"level":"info","message":"::1 - - [28/Nov/2025:22:19:01 +0000] \"POST /api/auth/sign-in HTTP/1.1\" 200 31 \"-\" \"HTTPie\"","service":"acquisitions-api"}
{"level":"info","message":"Hello from Acquisitions!","service":"acquisitions-api"}
{"level":"info","message":"::1 - - [29/Nov/2025:02:30:06 +0000] \"GET / HTTP/1.1\" 304 - \"-\" \"Mozilla/5.0 (Windows NT 10.0; Win64; x64) AppleWebKit/537.36 (KHTML, like Gecko) Chrome/142.0.0.0 Safari/537.36\"","service":"acquisitions-api"}
{"level":"info","message":"::1 - - [29/Nov/2025:02:30:47 +0000] \"POST /api/auth/sign-up HTTP/1.1\" 200 31 \"-\" \"HTTPie\"","service":"acquisitions-api"}
{"level":"info","message":"::1 - - [29/Nov/2025:02:32:08 +0000] \"POST /api/auth/sign-up HTTP/1.1\" 200 31 \"-\" \"HTTPie\"","service":"acquisitions-api"}
{"level":"info","message":"::1 - - [29/Nov/2025:02:32:10 +0000] \"POST /api/auth/sign-up HTTP/1.1\" 200 31 \"-\" \"HTTPie\"","service":"acquisitions-api"}
{"level":"error","message":"Signup error Cannot destructure property 'name' of 'validationResult.data' as it is undefined.","service":"acquisitions-api","stack":"TypeError: Cannot destructure property 'name' of 'validationResult.data' as it is undefined.\n    at signup (file:///mnt/c/Users/Mina%20Mamdouh/acquisitions/src/controllers/auth.controller.js:16:13)\n    at Layer.handleRequest (/mnt/c/Users/Mina Mamdouh/acquisitions/node_modules/router/lib/layer.js:152:17)\n    at next (/mnt/c/Users/Mina Mamdouh/acquisitions/node_modules/router/lib/route.js:157:13)\n    at Route.dispatch (/mnt/c/Users/Mina Mamdouh/acquisitions/node_modules/router/lib/route.js:117:3)\n    at handle (/mnt/c/Users/Mina Mamdouh/acquisitions/node_modules/router/index.js:435:11)\n    at Layer.handleRequest (/mnt/c/Users/Mina Mamdouh/acquisitions/node_modules/router/lib/layer.js:152:17)\n    at /mnt/c/Users/Mina Mamdouh/acquisitions/node_modules/router/index.js:295:15\n    at processParams (/mnt/c/Users/Mina Mamdouh/acquisitions/node_modules/router/index.js:582:12)\n    at next (/mnt/c/Users/Mina Mamdouh/acquisitions/node_modules/router/index.js:291:5)\n    at router.handle (/mnt/c/Users/Mina Mamdouh/acquisitions/node_modules/router/index.js:186:3)"}
{"level":"info","message":"::1 - - [29/Nov/2025:02:33:33 +0000] \"POST /api/auth/sign-up HTTP/1.1\" 500 1337 \"-\" \"HTTPie\"","service":"acquisitions-api"}
{"level":"error","message":"Signup error Cannot destructure property 'name' of 'validationResult.data' as it is undefined.","service":"acquisitions-api","stack":"TypeError: Cannot destructure property 'name' of 'validationResult.data' as it is undefined.\n    at signup (file:///mnt/c/Users/Mina%20Mamdouh/acquisitions/src/controllers/auth.controller.js:16:13)\n    at Layer.handleRequest (/mnt/c/Users/Mina Mamdouh/acquisitions/node_modules/router/lib/layer.js:152:17)\n    at next (/mnt/c/Users/Mina Mamdouh/acquisitions/node_modules/router/lib/route.js:157:13)\n    at Route.dispatch (/mnt/c/Users/Mina Mamdouh/acquisitions/node_modules/router/lib/route.js:117:3)\n    at handle (/mnt/c/Users/Mina Mamdouh/acquisitions/node_modules/router/index.js:435:11)\n    at Layer.handleRequest (/mnt/c/Users/Mina Mamdouh/acquisitions/node_modules/router/lib/layer.js:152:17)\n    at /mnt/c/Users/Mina Mamdouh/acquisitions/node_modules/router/index.js:295:15\n    at processParams (/mnt/c/Users/Mina Mamdouh/acquisitions/node_modules/router/index.js:582:12)\n    at next (/mnt/c/Users/Mina Mamdouh/acquisitions/node_modules/router/index.js:291:5)\n    at router.handle (/mnt/c/Users/Mina Mamdouh/acquisitions/node_modules/router/index.js:186:3)"}
{"level":"info","message":"::1 - - [29/Nov/2025:02:40:17 +0000] \"POST /api/auth/sign-up HTTP/1.1\" 500 1337 \"-\" \"HTTPie\"","service":"acquisitions-api"}
{"level":"error","message":"Signup error Cannot destructure property 'name' of 'validationResult.data' as it is undefined.","service":"acquisitions-api","stack":"TypeError: Cannot destructure property 'name' of 'validationResult.data' as it is undefined.\n    at signup (file:///mnt/c/Users/Mina%20Mamdouh/acquisitions/src/controllers/auth.controller.js:16:13)\n    at Layer.handleRequest (/mnt/c/Users/Mina Mamdouh/acquisitions/node_modules/router/lib/layer.js:152:17)\n    at next (/mnt/c/Users/Mina Mamdouh/acquisitions/node_modules/router/lib/route.js:157:13)\n    at Route.dispatch (/mnt/c/Users/Mina Mamdouh/acquisitions/node_modules/router/lib/route.js:117:3)\n    at handle (/mnt/c/Users/Mina Mamdouh/acquisitions/node_modules/router/index.js:435:11)\n    at Layer.handleRequest (/mnt/c/Users/Mina Mamdouh/acquisitions/node_modules/router/lib/layer.js:152:17)\n    at /mnt/c/Users/Mina Mamdouh/acquisitions/node_modules/router/index.js:295:15\n    at processParams (/mnt/c/Users/Mina Mamdouh/acquisitions/node_modules/router/index.js:582:12)\n    at next (/mnt/c/Users/Mina Mamdouh/acquisitions/node_modules/router/index.js:291:5)\n    at router.handle (/mnt/c/Users/Mina Mamdouh/acquisitions/node_modules/router/index.js:186:3)"}
{"level":"info","message":"::1 - - [29/Nov/2025:02:40:19 +0000] \"POST /api/auth/sign-up HTTP/1.1\" 500 1337 \"-\" \"HTTPie\"","service":"acquisitions-api"}
{"level":"info","message":"Hello from Acquisitions!","service":"acquisitions-api"}
{"level":"info","message":"::1 - - [29/Nov/2025:02:41:11 +0000] \"GET / HTTP/1.1\" 304 - \"-\" \"Mozilla/5.0 (Windows NT 10.0; Win64; x64) AppleWebKit/537.36 (KHTML, like Gecko) Chrome/142.0.0.0 Safari/537.36\"","service":"acquisitions-api"}
{"level":"info","message":"::1 - - [29/Nov/2025:02:41:17 +0000] \"POST /api/auth/sign-up HTTP/1.1\" 400 92 \"-\" \"HTTPie\"","service":"acquisitions-api"}
{"level":"info","message":"::1 - - [29/Nov/2025:02:44:35 +0000] \"POST /api/auth/sign-up HTTP/1.1\" 400 144 \"-\" \"HTTPie\"","service":"acquisitions-api"}
{"level":"info","message":"User registered successfully: contact@minamamdouh.com","service":"acquisitions-api"}
{"level":"info","message":"::1 - - [29/Nov/2025:02:45:45 +0000] \"POST /api/auth/sign-up HTTP/1.1\" 201 107 \"-\" \"HTTPie\"","service":"acquisitions-api"}
{"level":"info","message":"User registered successfully: contact@minamamdouh.com","service":"acquisitions-api"}
{"level":"info","message":"::1 - - [29/Nov/2025:03:37:28 +0000] \"POST /api/auth/sign-up HTTP/1.1\" 201 107 \"-\" \"HTTPie\"","service":"acquisitions-api"}
{"level":"info","message":"User registered successfully: contact@minamamdouh.com","service":"acquisitions-api"}
{"level":"info","message":"::1 - - [29/Nov/2025:03:38:06 +0000] \"POST /api/auth/sign-up HTTP/1.1\" 201 108 \"-\" \"HTTPie\"","service":"acquisitions-api"}
{"level":"info","message":"User registered successfully: contact@minamamdouh.com","service":"acquisitions-api"}
{"level":"info","message":"::1 - - [29/Nov/2025:03:38:07 +0000] \"POST /api/auth/sign-up HTTP/1.1\" 201 108 \"-\" \"HTTPie\"","service":"acquisitions-api"}
{"level":"info","message":"Hello from Acquisitions!","service":"acquisitions-api"}
{"level":"info","message":"::1 - - [29/Nov/2025:15:52:18 +0000] \"GET / HTTP/1.1\" 304 - \"-\" \"Mozilla/5.0 (Windows NT 10.0; Win64; x64) AppleWebKit/537.36 (KHTML, like Gecko) Chrome/142.0.0.0 Safari/537.36\"","service":"acquisitions-api"}
{"level":"info","message":"::1 - - [29/Nov/2025:15:52:18 +0000] \"GET /favicon.ico HTTP/1.1\" 404 150 \"-\" \"Mozilla/5.0 (Windows NT 10.0; Win64; x64) AppleWebKit/537.36 (KHTML, like Gecko) Chrome/142.0.0.0 Safari/537.36\"","service":"acquisitions-api"}
{"level":"info","message":"User contact@minamamdouh.com created successfully","service":"acquisitions-api"}
{"level":"info","message":"User registered successfully: contact@minamamdouh.com","service":"acquisitions-api"}
{"level":"info","message":"::1 - - [29/Nov/2025:15:52:34 +0000] \"POST /api/auth/sign-up HTTP/1.1\" 201 108 \"-\" \"HTTPie\"","service":"acquisitions-api"}
{"level":"error","message":"Error creating the user: Error: Failed query: insert into \"users\" (\"id\", \"name\", \"email\", \"password\", \"role\", \"created_at\", \"updated_at\") values (default, $1, $2, $3, $4, default, default) returning \"id\", \"name\", \"email\", \"role\", \"created_at\"\nparams: Mina,contact@minamamdouh.com,$2b$10$myacTcwPHOlBKvxSHe0pVefhDQPfrsUnvHpFd4DzH5TGO8sljIOOW,user","service":"acquisitions-api"}
{"cause":{"code":"23505","constraint":"users_email_unique","detail":"Key (email)=(contact@minamamdouh.com) already exists.","file":"nbtinsert.c","line":"667","name":"NeonDbError","routine":"_bt_check_unique","schema":"public","severity":"ERROR","table":"users"},"level":"error","message":"Signup error Failed query: insert into \"users\" (\"id\", \"name\", \"email\", \"password\", \"role\", \"created_at\", \"updated_at\") values (default, $1, $2, $3, $4, default, default) returning \"id\", \"name\", \"email\", \"role\", \"created_at\"\nparams: Mina,contact@minamamdouh.com,$2b$10$myacTcwPHOlBKvxSHe0pVefhDQPfrsUnvHpFd4DzH5TGO8sljIOOW,user","params":["Mina","contact@minamamdouh.com","$2b$10$myacTcwPHOlBKvxSHe0pVefhDQPfrsUnvHpFd4DzH5TGO8sljIOOW","user"],"query":"insert into \"users\" (\"id\", \"name\", \"email\", \"password\", \"role\", \"created_at\", \"updated_at\") values (default, $1, $2, $3, $4, default, default) returning \"id\", \"name\", \"email\", \"role\", \"created_at\"","service":"acquisitions-api","stack":"Error: Failed query: insert into \"users\" (\"id\", \"name\", \"email\", \"password\", \"role\", \"created_at\", \"updated_at\") values (default, $1, $2, $3, $4, default, default) returning \"id\", \"name\", \"email\", \"role\", \"created_at\"\nparams: Mina,contact@minamamdouh.com,$2b$10$myacTcwPHOlBKvxSHe0pVefhDQPfrsUnvHpFd4DzH5TGO8sljIOOW,user\n    at NeonHttpPreparedQuery.queryWithCache (file:///mnt/c/Users/Mina%20Mamdouh/acquisitions/node_modules/drizzle-orm/pg-core/session.js:41:15)\n    at process.processTicksAndRejections (node:internal/process/task_queues:105:5)\n    at async NeonHttpPreparedQuery.execute (file:///mnt/c/Users/Mina%20Mamdouh/acquisitions/node_modules/drizzle-orm/neon-http/session.js:45:20)\n    at async createUser (file:///mnt/c/Users/Mina%20Mamdouh/acquisitions/src/services/auth.service.js:24:23)\n    at async signup (file:///mnt/c/Users/Mina%20Mamdouh/acquisitions/src/controllers/auth.controller.js:21:18)"}
{"level":"info","message":"::1 - - [29/Nov/2025:15:52:51 +0000] \"POST /api/auth/sign-up HTTP/1.1\" 500 1237 \"-\" \"HTTPie\"","service":"acquisitions-api"}
{"level":"error","message":"Error creating the user: Error: Failed query: insert into \"users\" (\"id\", \"name\", \"email\", \"password\", \"role\", \"created_at\", \"updated_at\") values (default, $1, $2, $3, $4, default, default) returning \"id\", \"name\", \"email\", \"role\", \"created_at\"\nparams: Mina,contact@minamamdouh.com,$2b$10$Kjn.5gVREf.l8bJkHAevbOwoQ2V6TAakv/tIUNmKTWDDBqxHUJ5vS,user","service":"acquisitions-api"}
{"cause":{"code":"23505","constraint":"users_email_unique","detail":"Key (email)=(contact@minamamdouh.com) already exists.","file":"nbtinsert.c","line":"667","name":"NeonDbError","routine":"_bt_check_unique","schema":"public","severity":"ERROR","table":"users"},"level":"error","message":"Signup error Failed query: insert into \"users\" (\"id\", \"name\", \"email\", \"password\", \"role\", \"created_at\", \"updated_at\") values (default, $1, $2, $3, $4, default, default) returning \"id\", \"name\", \"email\", \"role\", \"created_at\"\nparams: Mina,contact@minamamdouh.com,$2b$10$Kjn.5gVREf.l8bJkHAevbOwoQ2V6TAakv/tIUNmKTWDDBqxHUJ5vS,user","params":["Mina","contact@minamamdouh.com","$2b$10$Kjn.5gVREf.l8bJkHAevbOwoQ2V6TAakv/tIUNmKTWDDBqxHUJ5vS","user"],"query":"insert into \"users\" (\"id\", \"name\", \"email\", \"password\", \"role\", \"created_at\", \"updated_at\") values (default, $1, $2, $3, $4, default, default) returning \"id\", \"name\", \"email\", \"role\", \"created_at\"","service":"acquisitions-api","stack":"Error: Failed query: insert into \"users\" (\"id\", \"name\", \"email\", \"password\", \"role\", \"created_at\", \"updated_at\") values (default, $1, $2, $3, $4, default, default) returning \"id\", \"name\", \"email\", \"role\", \"created_at\"\nparams: Mina,contact@minamamdouh.com,$2b$10$Kjn.5gVREf.l8bJkHAevbOwoQ2V6TAakv/tIUNmKTWDDBqxHUJ5vS,user\n    at NeonHttpPreparedQuery.queryWithCache (file:///mnt/c/Users/Mina%20Mamdouh/acquisitions/node_modules/drizzle-orm/pg-core/session.js:41:15)\n    at process.processTicksAndRejections (node:internal/process/task_queues:105:5)\n    at async NeonHttpPreparedQuery.execute (file:///mnt/c/Users/Mina%20Mamdouh/acquisitions/node_modules/drizzle-orm/neon-http/session.js:45:20)\n    at async createUser (file:///mnt/c/Users/Mina%20Mamdouh/acquisitions/src/services/auth.service.js:24:23)\n    at async signup (file:///mnt/c/Users/Mina%20Mamdouh/acquisitions/src/controllers/auth.controller.js:21:18)"}
{"level":"info","message":"::1 - - [29/Nov/2025:15:57:14 +0000] \"POST /api/auth/sign-up HTTP/1.1\" 500 1237 \"-\" \"HTTPie\"","service":"acquisitions-api"}
{"level":"error","message":"Error creating the user: Error: Failed query: insert into \"users\" (\"id\", \"name\", \"email\", \"password\", \"role\", \"created_at\", \"updated_at\") values (default, $1, $2, $3, $4, default, default) returning \"id\", \"name\", \"email\", \"role\", \"created_at\"\nparams: Mina,contact@minamamdouh.com,$2b$10$/T5xXSVDWaoAWTeFYZ9t/u5qboaeKoChsfmzb4OVXPQaP/A2uqtHe,admin","service":"acquisitions-api"}
{"cause":{"code":"23505","constraint":"users_email_unique","detail":"Key (email)=(contact@minamamdouh.com) already exists.","file":"nbtinsert.c","line":"667","name":"NeonDbError","routine":"_bt_check_unique","schema":"public","severity":"ERROR","table":"users"},"level":"error","message":"Signup error Failed query: insert into \"users\" (\"id\", \"name\", \"email\", \"password\", \"role\", \"created_at\", \"updated_at\") values (default, $1, $2, $3, $4, default, default) returning \"id\", \"name\", \"email\", \"role\", \"created_at\"\nparams: Mina,contact@minamamdouh.com,$2b$10$/T5xXSVDWaoAWTeFYZ9t/u5qboaeKoChsfmzb4OVXPQaP/A2uqtHe,admin","params":["Mina","contact@minamamdouh.com","$2b$10$/T5xXSVDWaoAWTeFYZ9t/u5qboaeKoChsfmzb4OVXPQaP/A2uqtHe","admin"],"query":"insert into \"users\" (\"id\", \"name\", \"email\", \"password\", \"role\", \"created_at\", \"updated_at\") values (default, $1, $2, $3, $4, default, default) returning \"id\", \"name\", \"email\", \"role\", \"created_at\"","service":"acquisitions-api","stack":"Error: Failed query: insert into \"users\" (\"id\", \"name\", \"email\", \"password\", \"role\", \"created_at\", \"updated_at\") values (default, $1, $2, $3, $4, default, default) returning \"id\", \"name\", \"email\", \"role\", \"created_at\"\nparams: Mina,contact@minamamdouh.com,$2b$10$/T5xXSVDWaoAWTeFYZ9t/u5qboaeKoChsfmzb4OVXPQaP/A2uqtHe,admin\n    at NeonHttpPreparedQuery.queryWithCache (file:///mnt/c/Users/Mina%20Mamdouh/acquisitions/node_modules/drizzle-orm/pg-core/session.js:41:15)\n    at process.processTicksAndRejections (node:internal/process/task_queues:105:5)\n    at async NeonHttpPreparedQuery.execute (file:///mnt/c/Users/Mina%20Mamdouh/acquisitions/node_modules/drizzle-orm/neon-http/session.js:45:20)\n    at async createUser (file:///mnt/c/Users/Mina%20Mamdouh/acquisitions/src/services/auth.service.js:24:23)\n    at async signup (file:///mnt/c/Users/Mina%20Mamdouh/acquisitions/src/controllers/auth.controller.js:21:18)"}
{"level":"info","message":"::1 - - [29/Nov/2025:17:08:40 +0000] \"POST /api/auth/sign-up HTTP/1.1\" 500 1238 \"-\" \"HTTPie\"","service":"acquisitions-api"}
{"level":"error","message":"Error creating the user: Error: Failed query: insert into \"users\" (\"id\", \"name\", \"email\", \"password\", \"role\", \"created_at\", \"updated_at\") values (default, $1, $2, $3, $4, default, default) returning \"id\", \"name\", \"email\", \"role\", \"created_at\"\nparams: Mina,contact@minamamdouh.com,$2b$10$dpmJA8pMfID2qgR3vfPwq.ApdBzbghgGwWOcI1MlFCR5FYO.5lUDC,user","service":"acquisitions-api"}
{"cause":{"code":"23505","constraint":"users_email_unique","detail":"Key (email)=(contact@minamamdouh.com) already exists.","file":"nbtinsert.c","line":"667","name":"NeonDbError","routine":"_bt_check_unique","schema":"public","severity":"ERROR","table":"users"},"level":"error","message":"Signup error Failed query: insert into \"users\" (\"id\", \"name\", \"email\", \"password\", \"role\", \"created_at\", \"updated_at\") values (default, $1, $2, $3, $4, default, default) returning \"id\", \"name\", \"email\", \"role\", \"created_at\"\nparams: Mina,contact@minamamdouh.com,$2b$10$dpmJA8pMfID2qgR3vfPwq.ApdBzbghgGwWOcI1MlFCR5FYO.5lUDC,user","params":["Mina","contact@minamamdouh.com","$2b$10$dpmJA8pMfID2qgR3vfPwq.ApdBzbghgGwWOcI1MlFCR5FYO.5lUDC","user"],"query":"insert into \"users\" (\"id\", \"name\", \"email\", \"password\", \"role\", \"created_at\", \"updated_at\") values (default, $1, $2, $3, $4, default, default) returning \"id\", \"name\", \"email\", \"role\", \"created_at\"","service":"acquisitions-api","stack":"Error: Failed query: insert into \"users\" (\"id\", \"name\", \"email\", \"password\", \"role\", \"created_at\", \"updated_at\") values (default, $1, $2, $3, $4, default, default) returning \"id\", \"name\", \"email\", \"role\", \"created_at\"\nparams: Mina,contact@minamamdouh.com,$2b$10$dpmJA8pMfID2qgR3vfPwq.ApdBzbghgGwWOcI1MlFCR5FYO.5lUDC,user\n    at NeonHttpPreparedQuery.queryWithCache (file:///mnt/c/Users/Mina%20Mamdouh/acquisitions/node_modules/drizzle-orm/pg-core/session.js:41:15)\n    at process.processTicksAndRejections (node:internal/process/task_queues:105:5)\n    at async NeonHttpPreparedQuery.execute (file:///mnt/c/Users/Mina%20Mamdouh/acquisitions/node_modules/drizzle-orm/neon-http/session.js:45:20)\n    at async createUser (file:///mnt/c/Users/Mina%20Mamdouh/acquisitions/src/services/auth.service.js:24:23)\n    at async signup (file:///mnt/c/Users/Mina%20Mamdouh/acquisitions/src/controllers/auth.controller.js:21:18)"}
{"level":"info","message":"::1 - - [29/Nov/2025:17:15:13 +0000] \"POST /api/auth/sign-up HTTP/1.1\" 500 1237 \"-\" \"HTTPie\"","service":"acquisitions-api"}
{"level":"info","message":"User mina.mamdouh@gmail.com created successfully","service":"acquisitions-api"}
{"level":"info","message":"User registered successfully: mina.mamdouh@gmail.com","service":"acquisitions-api"}
{"level":"info","message":"::1 - - [29/Nov/2025:17:39:28 +0000] \"POST /api/auth/sign-up HTTP/1.1\" 201 106 \"-\" \"HTTPie\"","service":"acquisitions-api"}
{"level":"info","message":"User mina.nabil@gmail.com created successfully","service":"acquisitions-api"}
{"level":"info","message":"User registered successfully: mina.nabil@gmail.com","service":"acquisitions-api"}
{"level":"info","message":"::1 - - [29/Nov/2025:17:40:24 +0000] \"POST /api/auth/sign-up HTTP/1.1\" 201 105 \"-\" \"HTTPie\"","service":"acquisitions-api"}
{"level":"info","message":"User mina.nabil@gmail.com authenticated successfully","service":"acquisitions-api"}
{"level":"info","message":"User signed in successfully: mina.nabil@gmail.com","service":"acquisitions-api"}
{"level":"info","message":"::1 - - [30/Nov/2025:01:10:07 +0000] \"POST /api/auth/sign-in HTTP/1.1\" 200 108 \"-\" \"HTTPie\"","service":"acquisitions-api"}
{"level":"info","message":"User mina.nabil@gmail.com authenticated successfully","service":"acquisitions-api"}
{"level":"info","message":"User signed in successfully: mina.nabil@gmail.com","service":"acquisitions-api"}
{"level":"info","message":"::1 - - [30/Nov/2025:01:10:09 +0000] \"POST /api/auth/sign-in HTTP/1.1\" 200 108 \"-\" \"HTTPie\"","service":"acquisitions-api"}
{"level":"info","message":"User signed out successfully","service":"acquisitions-api"}
{"level":"info","message":"::1 - - [30/Nov/2025:01:12:44 +0000] \"POST /api/auth/sign-out HTTP/1.1\" 200 33 \"-\" \"HTTPie\"","service":"acquisitions-api"}
